# JRE version: OpenJDK Runtime Environment (8.0_202-b03) (build 1.8.0_202-release-1483-b03)
# Java VM: OpenJDK 64-Bit Server VM (25.202-b03 mixed mode windows-amd64 compressed oops)
Heap:
 PSYoungGen      total 77312K, used 60964K [0x00000000d5f00000, 0x00000000de180000, 0x0000000100000000)
  eden space 66560K, 80% used [0x00000000d5f00000,0x00000000d930b688,0x00000000da000000)
  from space 10752K, 71% used [0x00000000da000000,0x00000000da77dd20,0x00000000daa80000)
  to   space 10752K, 0% used [0x00000000dd700000,0x00000000dd700000,0x00000000de180000)
 ParOldGen       total 59904K, used 11531K [0x0000000081c00000, 0x0000000085680000, 0x00000000d5f00000)
  object space 59904K, 19% used [0x0000000081c00000,0x0000000082742de0,0x0000000085680000)
 Metaspace       used 31879K, capacity 32590K, committed 32768K, reserved 1077248K
  class space    used 4345K, capacity 4553K, committed 4608K, reserved 1048576K
GC Heap History (10 events):
Event: 5.474 GC heap before
{Heap before GC invocations=4 (full 0):
 PSYoungGen      total 38400K, used 38381K [0x00000000d5f00000, 0x00000000d8980000, 0x0000000100000000)
  eden space 33280K, 100% used [0x00000000d5f00000,0x00000000d7f80000,0x00000000d7f80000)
  from space 5120K, 99% used [0x00000000d7f80000,0x00000000d847b720,0x00000000d8480000)
  to   space 5120K, 0% used [0x00000000d8480000,0x00000000d8480000,0x00000000d8980000)
 ParOldGen       total 87552K, used 2210K [0x0000000081c00000, 0x0000000087180000, 0x00000000d5f00000)
  object space 87552K, 2% used [0x0000000081c00000,0x0000000081e28838,0x0000000087180000)
 Metaspace       used 16208K, capacity 16636K, committed 16896K, reserved 1062912K
  class space    used 2304K, capacity 2460K, committed 2560K, reserved 1048576K
Event: 5.482 GC heap after
Heap after GC invocations=4 (full 0):
 PSYoungGen      total 38400K, used 5097K [0x00000000d5f00000, 0x00000000d8980000, 0x0000000100000000)
  eden space 33280K, 0% used [0x00000000d5f00000,0x00000000d5f00000,0x00000000d7f80000)
  from space 5120K, 99% used [0x00000000d8480000,0x00000000d897a650,0x00000000d8980000)
  to   space 5120K, 0% used [0x00000000d7f80000,0x00000000d7f80000,0x00000000d8480000)
 ParOldGen       total 87552K, used 5629K [0x0000000081c00000, 0x0000000087180000, 0x00000000d5f00000)
  object space 87552K, 6% used [0x0000000081c00000,0x000000008217f408,0x0000000087180000)
 Metaspace       used 16208K, capacity 16636K, committed 16896K, reserved 1062912K
  class space    used 2304K, capacity 2460K, committed 2560K, reserved 1048576K
}
Event: 5.975 GC heap before
{Heap before GC invocations=5 (full 0):
 PSYoungGen      total 38400K, used 38377K [0x00000000d5f00000, 0x00000000d8980000, 0x0000000100000000)
  eden space 33280K, 100% used [0x00000000d5f00000,0x00000000d7f80000,0x00000000d7f80000)
  from space 5120K, 99% used [0x00000000d8480000,0x00000000d897a650,0x00000000d8980000)
  to   space 5120K, 0% used [0x00000000d7f80000,0x00000000d7f80000,0x00000000d8480000)
 ParOldGen       total 87552K, used 5629K [0x0000000081c00000, 0x0000000087180000, 0x00000000d5f00000)
  object space 87552K, 6% used [0x0000000081c00000,0x000000008217f408,0x0000000087180000)
 Metaspace       used 18990K, capacity 19498K, committed 19584K, reserved 1067008K
  class space    used 2755K, capacity 2931K, committed 2944K, reserved 1048576K
Event: 5.983 GC heap after
Heap after GC invocations=5 (full 0):
 PSYoungGen      total 38400K, used 5097K [0x00000000d5f00000, 0x00000000db500000, 0x0000000100000000)
  eden space 33280K, 0% used [0x00000000d5f00000,0x00000000d5f00000,0x00000000d7f80000)
  from space 5120K, 99% used [0x00000000d7f80000,0x00000000d847a630,0x00000000d8480000)
  to   space 10752K, 0% used [0x00000000daa80000,0x00000000daa80000,0x00000000db500000)
 ParOldGen       total 87552K, used 9618K [0x0000000081c00000, 0x0000000087180000, 0x00000000d5f00000)
  object space 87552K, 10% used [0x0000000081c00000,0x0000000082564a58,0x0000000087180000)
 Metaspace       used 18990K, capacity 19498K, committed 19584K, reserved 1067008K
  class space    used 2755K, capacity 2931K, committed 2944K, reserved 1048576K
}
Event: 6.198 GC heap before
{Heap before GC invocations=6 (full 0):
 PSYoungGen      total 38400K, used 18997K [0x00000000d5f00000, 0x00000000db500000, 0x0000000100000000)
  eden space 33280K, 41% used [0x00000000d5f00000,0x00000000d6c93188,0x00000000d7f80000)
  from space 5120K, 99% used [0x00000000d7f80000,0x00000000d847a630,0x00000000d8480000)
  to   space 10752K, 0% used [0x00000000daa80000,0x00000000daa80000,0x00000000db500000)
 ParOldGen       total 87552K, used 9618K [0x0000000081c00000, 0x0000000087180000, 0x00000000d5f00000)
  object space 87552K, 10% used [0x0000000081c00000,0x0000000082564a58,0x0000000087180000)
 Metaspace       used 20684K, capacity 21176K, committed 21296K, reserved 1067008K
  class space    used 2970K, capacity 3127K, committed 3200K, reserved 1048576K
Event: 6.205 GC heap after
Heap after GC invocations=6 (full 0):
 PSYoungGen      total 77312K, used 7533K [0x00000000d5f00000, 0x00000000db500000, 0x0000000100000000)
  eden space 66560K, 0% used [0x00000000d5f00000,0x00000000d5f00000,0x00000000da000000)
  from space 10752K, 70% used [0x00000000daa80000,0x00000000db1db498,0x00000000db500000)
  to   space 10752K, 0% used [0x00000000da000000,0x00000000da000000,0x00000000daa80000)
 ParOldGen       total 87552K, used 9626K [0x0000000081c00000, 0x0000000087180000, 0x00000000d5f00000)
  object space 87552K, 10% used [0x0000000081c00000,0x0000000082566a58,0x0000000087180000)
 Metaspace       used 20684K, capacity 21176K, committed 21296K, reserved 1067008K
  class space    used 2970K, capacity 3127K, committed 3200K, reserved 1048576K
}
Event: 6.205 GC heap before
{Heap before GC invocations=7 (full 1):
 PSYoungGen      total 77312K, used 7533K [0x00000000d5f00000, 0x00000000db500000, 0x0000000100000000)
  eden space 66560K, 0% used [0x00000000d5f00000,0x00000000d5f00000,0x00000000da000000)
  from space 10752K, 70% used [0x00000000daa80000,0x00000000db1db498,0x00000000db500000)
  to   space 10752K, 0% used [0x00000000da000000,0x00000000da000000,0x00000000daa80000)
 ParOldGen       total 87552K, used 9626K [0x0000000081c00000, 0x0000000087180000, 0x00000000d5f00000)
  object space 87552K, 10% used [0x0000000081c00000,0x0000000082566a58,0x0000000087180000)
 Metaspace       used 20684K, capacity 21176K, committed 21296K, reserved 1067008K
  class space    used 2970K, capacity 3127K, committed 3200K, reserved 1048576K
Event: 6.248 GC heap after
Heap after GC invocations=7 (full 1):
 PSYoungGen      total 77312K, used 0K [0x00000000d5f00000, 0x00000000db500000, 0x0000000100000000)
  eden space 66560K, 0% used [0x00000000d5f00000,0x00000000d5f00000,0x00000000da000000)
  from space 10752K, 0% used [0x00000000daa80000,0x00000000daa80000,0x00000000db500000)
  to   space 10752K, 0% used [0x00000000da000000,0x00000000da000000,0x00000000daa80000)
 ParOldGen       total 59904K, used 11523K [0x0000000081c00000, 0x0000000085680000, 0x00000000d5f00000)
  object space 59904K, 19% used [0x0000000081c00000,0x0000000082740de0,0x0000000085680000)
 Metaspace       used 20684K, capacity 21176K, committed 21296K, reserved 1067008K
  class space    used 2970K, capacity 3127K, committed 3200K, reserved 1048576K
}
Event: 7.090 GC heap before
{Heap before GC invocations=8 (full 1):
 PSYoungGen      total 77312K, used 66560K [0x00000000d5f00000, 0x00000000db500000, 0x0000000100000000)
  eden space 66560K, 100% used [0x00000000d5f00000,0x00000000da000000,0x00000000da000000)
  from space 10752K, 0% used [0x00000000daa80000,0x00000000daa80000,0x00000000db500000)
  to   space 10752K, 0% used [0x00000000da000000,0x00000000da000000,0x00000000daa80000)
 ParOldGen       total 59904K, used 11523K [0x0000000081c00000, 0x0000000085680000, 0x00000000d5f00000)
  object space 59904K, 19% used [0x0000000081c00000,0x0000000082740de0,0x0000000085680000)
 Metaspace       used 28377K, capacity 28960K, committed 29312K, reserved 1075200K
  class space    used 3917K, capacity 4097K, committed 4224K, reserved 1048576K
Event: 7.097 GC heap after
Heap after GC invocations=8 (full 1):
 PSYoungGen      total 77312K, used 7671K [0x00000000d5f00000, 0x00000000de180000, 0x0000000100000000)
  eden space 66560K, 0% used [0x00000000d5f00000,0x00000000d5f00000,0x00000000da000000)
  from space 10752K, 71% used [0x00000000da000000,0x00000000da77dd20,0x00000000daa80000)
  to   space 10752K, 0% used [0x00000000dd700000,0x00000000dd700000,0x00000000de180000)
 ParOldGen       total 59904K, used 11531K [0x0000000081c00000, 0x0000000085680000, 0x00000000d5f00000)
  object space 59904K, 19% used [0x0000000081c00000,0x0000000082742de0,0x0000000085680000)
 Metaspace       used 28377K, capacity 28960K, committed 29312K, reserved 1075200K
  class space    used 3917K, capacity 4097K, committed 4224K, reserved 1048576K
}

