# JRE version: OpenJDK Runtime Environment (8.0_202-b03) (build 1.8.0_202-release-1483-b03)
# Java VM: OpenJDK 64-Bit Server VM (25.202-b03 mixed mode windows-amd64 compressed oops)
Heap:
 PSYoungGen      total 77312K, used 12353K [0x00000000d5f00000, 0x00000000db500000, 0x0000000100000000)
  eden space 66560K, 18% used [0x00000000d5f00000,0x00000000d6b10458,0x00000000da000000)
  from space 10752K, 0% used [0x00000000da000000,0x00000000da000000,0x00000000daa80000)
  to   space 10752K, 0% used [0x00000000daa80000,0x00000000daa80000,0x00000000db500000)
 ParOldGen       total 60416K, used 18368K [0x0000000081c00000, 0x0000000085700000, 0x00000000d5f00000)
  object space 60416K, 30% used [0x0000000081c00000,0x0000000082df01e8,0x0000000085700000)
 Metaspace       used 35204K, capacity 36036K, committed 36392K, reserved 1081344K
  class space    used 4866K, capacity 5072K, committed 5160K, reserved 1048576K
GC Heap History (10 events):
Event: 5.492 GC heap before
{Heap before GC invocations=7 (full 1):
 PSYoungGen      total 77312K, used 7459K [0x00000000d5f00000, 0x00000000db500000, 0x0000000100000000)
  eden space 66560K, 0% used [0x00000000d5f00000,0x00000000d5f00000,0x00000000da000000)
  from space 10752K, 69% used [0x00000000daa80000,0x00000000db1c8d38,0x00000000db500000)
  to   space 10752K, 0% used [0x00000000da000000,0x00000000da000000,0x00000000daa80000)
 ParOldGen       total 87552K, used 9550K [0x0000000081c00000, 0x0000000087180000, 0x00000000d5f00000)
  object space 87552K, 10% used [0x0000000081c00000,0x00000000825538c8,0x0000000087180000)
 Metaspace       used 20678K, capacity 21176K, committed 21296K, reserved 1067008K
  class space    used 2968K, capacity 3127K, committed 3200K, reserved 1048576K
Event: 5.535 GC heap after
Heap after GC invocations=7 (full 1):
 PSYoungGen      total 77312K, used 0K [0x00000000d5f00000, 0x00000000db500000, 0x0000000100000000)
  eden space 66560K, 0% used [0x00000000d5f00000,0x00000000d5f00000,0x00000000da000000)
  from space 10752K, 0% used [0x00000000daa80000,0x00000000daa80000,0x00000000db500000)
  to   space 10752K, 0% used [0x00000000da000000,0x00000000da000000,0x00000000daa80000)
 ParOldGen       total 60416K, used 11654K [0x0000000081c00000, 0x0000000085700000, 0x00000000d5f00000)
  object space 60416K, 19% used [0x0000000081c00000,0x0000000082761ad0,0x0000000085700000)
 Metaspace       used 20678K, capacity 21176K, committed 21296K, reserved 1067008K
  class space    used 2968K, capacity 3127K, committed 3200K, reserved 1048576K
}
Event: 6.463 GC heap before
{Heap before GC invocations=8 (full 1):
 PSYoungGen      total 77312K, used 66560K [0x00000000d5f00000, 0x00000000db500000, 0x0000000100000000)
  eden space 66560K, 100% used [0x00000000d5f00000,0x00000000da000000,0x00000000da000000)
  from space 10752K, 0% used [0x00000000daa80000,0x00000000daa80000,0x00000000db500000)
  to   space 10752K, 0% used [0x00000000da000000,0x00000000da000000,0x00000000daa80000)
 ParOldGen       total 60416K, used 11654K [0x0000000081c00000, 0x0000000085700000, 0x00000000d5f00000)
  object space 60416K, 19% used [0x0000000081c00000,0x0000000082761ad0,0x0000000085700000)
 Metaspace       used 28318K, capacity 28928K, committed 29184K, reserved 1075200K
  class space    used 3907K, capacity 4065K, committed 4096K, reserved 1048576K
Event: 6.472 GC heap after
Heap after GC invocations=8 (full 1):
 PSYoungGen      total 77312K, used 7587K [0x00000000d5f00000, 0x00000000db500000, 0x0000000100000000)
  eden space 66560K, 0% used [0x00000000d5f00000,0x00000000d5f00000,0x00000000da000000)
  from space 10752K, 70% used [0x00000000da000000,0x00000000da768ca0,0x00000000daa80000)
  to   space 10752K, 0% used [0x00000000daa80000,0x00000000daa80000,0x00000000db500000)
 ParOldGen       total 60416K, used 11662K [0x0000000081c00000, 0x0000000085700000, 0x00000000d5f00000)
  object space 60416K, 19% used [0x0000000081c00000,0x0000000082763ad0,0x0000000085700000)
 Metaspace       used 28318K, capacity 28928K, committed 29184K, reserved 1075200K
  class space    used 3907K, capacity 4065K, committed 4096K, reserved 1048576K
}
Event: 7.273 GC heap before
{Heap before GC invocations=9 (full 1):
 PSYoungGen      total 77312K, used 74147K [0x00000000d5f00000, 0x00000000db500000, 0x0000000100000000)
  eden space 66560K, 100% used [0x00000000d5f00000,0x00000000da000000,0x00000000da000000)
  from space 10752K, 70% used [0x00000000da000000,0x00000000da768ca0,0x00000000daa80000)
  to   space 10752K, 0% used [0x00000000daa80000,0x00000000daa80000,0x00000000db500000)
 ParOldGen       total 60416K, used 11662K [0x0000000081c00000, 0x0000000085700000, 0x00000000d5f00000)
  object space 60416K, 19% used [0x0000000081c00000,0x0000000082763ad0,0x0000000085700000)
 Metaspace       used 32547K, capacity 33306K, committed 33408K, reserved 1077248K
  class space    used 4450K, capacity 4684K, committed 4736K, reserved 1048576K
Event: 7.284 GC heap after
Heap after GC invocations=9 (full 1):
 PSYoungGen      total 77312K, used 9534K [0x00000000d5f00000, 0x00000000db500000, 0x0000000100000000)
  eden space 66560K, 0% used [0x00000000d5f00000,0x00000000d5f00000,0x00000000da000000)
  from space 10752K, 88% used [0x00000000daa80000,0x00000000db3cf8e8,0x00000000db500000)
  to   space 10752K, 0% used [0x00000000da000000,0x00000000da000000,0x00000000daa80000)
 ParOldGen       total 60416K, used 11670K [0x0000000081c00000, 0x0000000085700000, 0x00000000d5f00000)
  object space 60416K, 19% used [0x0000000081c00000,0x0000000082765ad0,0x0000000085700000)
 Metaspace       used 32547K, capacity 33306K, committed 33408K, reserved 1077248K
  class space    used 4450K, capacity 4684K, committed 4736K, reserved 1048576K
}
Event: 7.987 GC heap before
{Heap before GC invocations=10 (full 1):
 PSYoungGen      total 77312K, used 58378K [0x00000000d5f00000, 0x00000000db500000, 0x0000000100000000)
  eden space 66560K, 73% used [0x00000000d5f00000,0x00000000d8eb3028,0x00000000da000000)
  from space 10752K, 88% used [0x00000000daa80000,0x00000000db3cf8e8,0x00000000db500000)
  to   space 10752K, 0% used [0x00000000da000000,0x00000000da000000,0x00000000daa80000)
 ParOldGen       total 60416K, used 11670K [0x0000000081c00000, 0x0000000085700000, 0x00000000d5f00000)
  object space 60416K, 19% used [0x0000000081c00000,0x0000000082765ad0,0x0000000085700000)
 Metaspace       used 34623K, capacity 35390K, committed 35496K, reserved 1079296K
  class space    used 4794K, capacity 4993K, committed 5032K, reserved 1048576K
Event: 8.006 GC heap after
Heap after GC invocations=10 (full 1):
 PSYoungGen      total 77312K, used 10720K [0x00000000d5f00000, 0x00000000db500000, 0x0000000100000000)
  eden space 66560K, 0% used [0x00000000d5f00000,0x00000000d5f00000,0x00000000da000000)
  from space 10752K, 99% used [0x00000000da000000,0x00000000daa78110,0x00000000daa80000)
  to   space 10752K, 0% used [0x00000000daa80000,0x00000000daa80000,0x00000000db500000)
 ParOldGen       total 60416K, used 11738K [0x0000000081c00000, 0x0000000085700000, 0x00000000d5f00000)
  object space 60416K, 19% used [0x0000000081c00000,0x0000000082776b20,0x0000000085700000)
 Metaspace       used 34623K, capacity 35390K, committed 35496K, reserved 1079296K
  class space    used 4794K, capacity 4993K, committed 5032K, reserved 1048576K
}
Event: 8.006 GC heap before
{Heap before GC invocations=11 (full 2):
 PSYoungGen      total 77312K, used 10720K [0x00000000d5f00000, 0x00000000db500000, 0x0000000100000000)
  eden space 66560K, 0% used [0x00000000d5f00000,0x00000000d5f00000,0x00000000da000000)
  from space 10752K, 99% used [0x00000000da000000,0x00000000daa78110,0x00000000daa80000)
  to   space 10752K, 0% used [0x00000000daa80000,0x00000000daa80000,0x00000000db500000)
 ParOldGen       total 60416K, used 11738K [0x0000000081c00000, 0x0000000085700000, 0x00000000d5f00000)
  object space 60416K, 19% used [0x0000000081c00000,0x0000000082776b20,0x0000000085700000)
 Metaspace       used 34623K, capacity 35390K, committed 35496K, reserved 1079296K
  class space    used 4794K, capacity 4993K, committed 5032K, reserved 1048576K
Event: 8.131 GC heap after
Heap after GC invocations=11 (full 2):
 PSYoungGen      total 77312K, used 0K [0x00000000d5f00000, 0x00000000db500000, 0x0000000100000000)
  eden space 66560K, 0% used [0x00000000d5f00000,0x00000000d5f00000,0x00000000da000000)
  from space 10752K, 0% used [0x00000000da000000,0x00000000da000000,0x00000000daa80000)
  to   space 10752K, 0% used [0x00000000daa80000,0x00000000daa80000,0x00000000db500000)
 ParOldGen       total 60416K, used 18368K [0x0000000081c00000, 0x0000000085700000, 0x00000000d5f00000)
  object space 60416K, 30% used [0x0000000081c00000,0x0000000082df01e8,0x0000000085700000)
 Metaspace       used 34623K, capacity 35390K, committed 35496K, reserved 1079296K
  class space    used 4794K, capacity 4993K, committed 5032K, reserved 1048576K
}

